# JRE version: OpenJDK Runtime Environment Temurin-21.0.10+7 (21.0.10+7) (build 21.0.10+7-LTS)
# Java VM: OpenJDK 64-Bit Server VM Temurin-21.0.10+7 (21.0.10+7-LTS, mixed mode, sharing, tiered, compressed oops, compressed class ptrs, g1 gc, windows-amd64)
GC Precious Log:
 CardTable entry size: 512
 Card Set container configuration: InlinePtr #cards 4 size 8 Array Of Cards #cards 32 size 80 Howl #buckets 8 coarsen threshold 7372 Howl Bitmap #cards 1024 size 144 coarsen threshold 921 Card regions per heap region 1 cards per card region 8192
 CPUs: 8 total, 8 available
 Memory: 16178M
 Large Page Support: Disabled
 NUMA Support: Disabled
 Compressed Oops: Enabled (Zero based)
 Heap Region Size: 4M
 Heap Min Capacity: 8M
 Heap Initial Capacity: 256M
 Heap Max Capacity: 8G
 Pre-touch: Disabled
 Parallel Workers: 8
 Concurrent Workers: 2
 Concurrent Refinement Workers: 8
 Periodic GC: Disabled
Heap:
 garbage-first heap   total 118784K, used 98796K [0x0000000600000000, 0x0000000800000000)
  region size 4096K, 18 young (73728K), 3 survivors (12288K)
 Metaspace       used 51063K, committed 52928K, reserved 1114112K
  class space    used 7657K, committed 8576K, reserved 1048576K
GC Heap History (20 events):
Event: 0.836 GC heap after
{Heap after GC invocations=1 (full 0):
 garbage-first heap   total 262144K, used 1466K [0x0000000600000000, 0x0000000800000000)
  region size 4096K, 1 young (4096K), 1 survivors (4096K)
 Metaspace       used 869K, committed 1024K, reserved 1114112K
  class space    used 72K, committed 128K, reserved 1048576K
}
Event: 2.369 GC heap before
{Heap before GC invocations=1 (full 0):
 garbage-first heap   total 262144K, used 46522K [0x0000000600000000, 0x0000000800000000)
  region size 4096K, 11 young (45056K), 1 survivors (4096K)
 Metaspace       used 4523K, committed 4736K, reserved 1114112K
  class space    used 582K, committed 704K, reserved 1048576K
}
Event: 2.375 GC heap after
{Heap after GC invocations=2 (full 0):
 garbage-first heap   total 262144K, used 11699K [0x0000000600000000, 0x0000000800000000)
  region size 4096K, 2 young (8192K), 2 survivors (8192K)
 Metaspace       used 4523K, committed 4736K, reserved 1114112K
  class space    used 582K, committed 704K, reserved 1048576K
}
Event: 4.912 GC heap before
{Heap before GC invocations=2 (full 0):
 garbage-first heap   total 262144K, used 81331K [0x0000000600000000, 0x0000000800000000)
  region size 4096K, 20 young (81920K), 2 survivors (8192K)
 Metaspace       used 10654K, committed 11008K, reserved 1114112K
  class space    used 1457K, committed 1600K, reserved 1048576K
}
Event: 4.926 GC heap after
{Heap after GC invocations=3 (full 0):
 garbage-first heap   total 262144K, used 19720K [0x0000000600000000, 0x0000000800000000)
  region size 4096K, 3 young (12288K), 3 survivors (12288K)
 Metaspace       used 10654K, committed 11008K, reserved 1114112K
  class space    used 1457K, committed 1600K, reserved 1048576K
}
Event: 7.694 GC heap before
{Heap before GC invocations=3 (full 0):
 garbage-first heap   total 262144K, used 85256K [0x0000000600000000, 0x0000000800000000)
  region size 4096K, 20 young (81920K), 3 survivors (12288K)
 Metaspace       used 20940K, committed 21504K, reserved 1114112K
  class space    used 2942K, committed 3200K, reserved 1048576K
}
Event: 7.705 GC heap after
{Heap after GC invocations=4 (full 0):
 garbage-first heap   total 262144K, used 23462K [0x0000000600000000, 0x0000000800000000)
  region size 4096K, 3 young (12288K), 3 survivors (12288K)
 Metaspace       used 20940K, committed 21504K, reserved 1114112K
  class space    used 2942K, committed 3200K, reserved 1048576K
}
Event: 9.368 GC heap before
{Heap before GC invocations=5 (full 0):
 garbage-first heap   total 81920K, used 76710K [0x0000000600000000, 0x0000000800000000)
  region size 4096K, 17 young (69632K), 3 survivors (12288K)
 Metaspace       used 28057K, committed 29120K, reserved 1114112K
  class space    used 4078K, committed 4608K, reserved 1048576K
}
Event: 9.393 GC heap after
{Heap after GC invocations=6 (full 0):
 garbage-first heap   total 98304K, used 25904K [0x0000000600000000, 0x0000000800000000)
  region size 4096K, 2 young (8192K), 2 survivors (8192K)
 Metaspace       used 28057K, committed 29120K, reserved 1114112K
  class space    used 4078K, committed 4608K, reserved 1048576K
}
Event: 10.943 GC heap before
{Heap before GC invocations=6 (full 0):
 garbage-first heap   total 98304K, used 66864K [0x0000000600000000, 0x0000000800000000)
  region size 4096K, 14 young (57344K), 2 survivors (8192K)
 Metaspace       used 34645K, committed 36032K, reserved 1114112K
  class space    used 4957K, committed 5632K, reserved 1048576K
}
Event: 10.960 GC heap after
{Heap after GC invocations=7 (full 0):
 garbage-first heap   total 98304K, used 29952K [0x0000000600000000, 0x0000000800000000)
  region size 4096K, 2 young (8192K), 2 survivors (8192K)
 Metaspace       used 34645K, committed 36032K, reserved 1114112K
  class space    used 4957K, committed 5632K, reserved 1048576K
}
Event: 11.058 GC heap before
{Heap before GC invocations=7 (full 0):
 garbage-first heap   total 98304K, used 29952K [0x0000000600000000, 0x0000000800000000)
  region size 4096K, 3 young (12288K), 2 survivors (8192K)
 Metaspace       used 35037K, committed 36288K, reserved 1114112K
  class space    used 5013K, committed 5632K, reserved 1048576K
}
Event: 11.068 GC heap after
{Heap after GC invocations=8 (full 0):
 garbage-first heap   total 98304K, used 30530K [0x0000000600000000, 0x0000000800000000)
  region size 4096K, 2 young (8192K), 2 survivors (8192K)
 Metaspace       used 35037K, committed 36288K, reserved 1114112K
  class space    used 5013K, committed 5632K, reserved 1048576K
}
Event: 11.825 GC heap before
{Heap before GC invocations=9 (full 0):
 garbage-first heap   total 98304K, used 75586K [0x0000000600000000, 0x0000000800000000)
  region size 4096K, 13 young (53248K), 2 survivors (8192K)
 Metaspace       used 37453K, committed 38912K, reserved 1114112K
  class space    used 5439K, committed 6144K, reserved 1048576K
}
Event: 11.833 GC heap after
{Heap after GC invocations=10 (full 0):
 garbage-first heap   total 118784K, used 32035K [0x0000000600000000, 0x0000000800000000)
  region size 4096K, 2 young (8192K), 2 survivors (8192K)
 Metaspace       used 37453K, committed 38912K, reserved 1114112K
  class space    used 5439K, committed 6144K, reserved 1048576K
}
Event: 13.137 GC heap before
{Heap before GC invocations=10 (full 0):
 garbage-first heap   total 118784K, used 93475K [0x0000000600000000, 0x0000000800000000)
  region size 4096K, 17 young (69632K), 2 survivors (8192K)
 Metaspace       used 41628K, committed 43328K, reserved 1114112K
  class space    used 6148K, committed 6976K, reserved 1048576K
}
Event: 13.150 GC heap after
{Heap after GC invocations=11 (full 0):
 garbage-first heap   total 118784K, used 33983K [0x0000000600000000, 0x0000000800000000)
  region size 4096K, 2 young (8192K), 2 survivors (8192K)
 Metaspace       used 41628K, committed 43328K, reserved 1114112K
  class space    used 6148K, committed 6976K, reserved 1048576K
}
Event: 15.142 GC heap before
{Heap before GC invocations=11 (full 0):
 garbage-first heap   total 118784K, used 91327K [0x0000000600000000, 0x0000000800000000)
  region size 4096K, 17 young (69632K), 2 survivors (8192K)
 Metaspace       used 47086K, committed 48768K, reserved 1114112K
  class space    used 7033K, committed 7872K, reserved 1048576K
}
Event: 15.154 GC heap after
{Heap after GC invocations=12 (full 0):
 garbage-first heap   total 118784K, used 37356K [0x0000000600000000, 0x0000000800000000)
  region size 4096K, 2 young (8192K), 2 survivors (8192K)
 Metaspace       used 47086K, committed 48768K, reserved 1114112K
  class space    used 7033K, committed 7872K, reserved 1048576K
}
Event: 16.571 GC heap before
{Heap before GC invocations=12 (full 0):
 garbage-first heap   total 118784K, used 94700K [0x0000000600000000, 0x0000000800000000)
  region size 4096K, 17 young (69632K), 2 survivors (8192K)
 Metaspace       used 51063K, committed 52928K, reserved 1114112K
  class space    used 7657K, committed 8576K, reserved 1048576K
}

